  [1m[36m (0.3ms)[0m  [1mSELECT "schema_migrations"."version" FROM "schema_migrations" [0m
  [1m[36m (0.2ms)[0m  [1mSELECT "schema_migrations"."version" FROM "schema_migrations" [0m
Migrating to CreateMovies (20111119180638)
Migrating to AddMoreMovies (20120130161449)
  [1m[35m (0.4ms)[0m  select sqlite_version(*)
  [1m[36m (0.2ms)[0m  [1mSELECT "schema_migrations"."version" FROM "schema_migrations" [0m
  [1m[35m (0.0ms)[0m  PRAGMA index_list("movies")
  [1m[36m (0.2ms)[0m  [1mSELECT "schema_migrations"."version" FROM "schema_migrations" [0m
  [1m[35m (0.4ms)[0m  select sqlite_version(*)
  [1m[36m (409.0ms)[0m  [1mCREATE TABLE "movies" ("id" INTEGER PRIMARY KEY AUTOINCREMENT NOT NULL, "title" varchar(255), "rating" varchar(255), "description" text, "release_date" datetime, "created_at" datetime, "updated_at" datetime) [0m
  [1m[35m (12.8ms)[0m  CREATE TABLE "schema_migrations" ("version" varchar(255) NOT NULL) 
  [1m[36m (0.1ms)[0m  [1mPRAGMA index_list("schema_migrations")[0m
  [1m[35m (10.1ms)[0m  CREATE UNIQUE INDEX "unique_schema_migrations" ON "schema_migrations" ("version")
  [1m[36m (0.4ms)[0m  [1mSELECT version FROM "schema_migrations"[0m
  [1m[35m (11.8ms)[0m  INSERT INTO "schema_migrations" (version) VALUES ('20120130161449')
  [1m[36m (11.5ms)[0m  [1mINSERT INTO "schema_migrations" (version) VALUES ('20111119180638')[0m


Started GET "/assets/rails.png" for 192.168.10.4 at 2012-08-10 06:10:35 -0700
Served asset /rails.png - 200 OK (9ms)


Started GET "/movies" for 192.168.10.4 at 2012-08-10 06:10:40 -0700
  Processing by MoviesController#index as HTML
  [1m[36mMovie Load (0.7ms)[0m  [1mSELECT "movies".* FROM "movies" WHERE "movies"."rating" IN (NULL)[0m
Rendered movies/index.html.haml within layouts/application (13.4ms)
Compiled application.css  (0ms)  (pid 15663)
Compiled application.js  (31ms)  (pid 15663)
Compiled jquery.js  (22ms)  (pid 15663)
Compiled jquery_ujs.js  (1ms)  (pid 15663)
Completed 200 OK in 361ms (Views: 340.6ms | ActiveRecord: 0.7ms)


Started GET "/assets/application.css?body=1" for 192.168.10.4 at 2012-08-10 06:10:41 -0700
Served asset /application.css - 200 OK (9ms)


Started GET "/assets/jquery.js?body=1" for 192.168.10.4 at 2012-08-10 06:10:41 -0700
Served asset /jquery.js - 200 OK (17ms)


Started GET "/assets/jquery_ujs.js?body=1" for 192.168.10.4 at 2012-08-10 06:10:41 -0700
Served asset /jquery_ujs.js - 200 OK (11ms)


Started GET "/assets/application.js?body=1" for 192.168.10.4 at 2012-08-10 06:10:41 -0700
Served asset /application.js - 200 OK (19ms)
  [1m[36m (0.2ms)[0m  [1mSELECT "schema_migrations"."version" FROM "schema_migrations" [0m
Migrating to CreateMovies (20111119180638)
Migrating to AddMoreMovies (20120130161449)
  [1m[35m (0.4ms)[0m  select sqlite_version(*)
  [1m[36m (0.2ms)[0m  [1mSELECT "schema_migrations"."version" FROM "schema_migrations" [0m
  [1m[35m (0.0ms)[0m  PRAGMA index_list("movies")


Started GET "/movies" for 192.168.10.4 at 2012-08-10 06:11:30 -0700
  Processing by MoviesController#index as HTML
  [1m[35mMovie Load (0.4ms)[0m  SELECT "movies".* FROM "movies" WHERE "movies"."rating" IN (NULL)
Rendered movies/index.html.haml within layouts/application (64.2ms)
Completed 200 OK in 77ms (Views: 74.1ms | ActiveRecord: 1.0ms)


Started GET "/assets/jquery.js?body=1" for 192.168.10.4 at 2012-08-10 06:11:30 -0700
Served asset /jquery.js - 304 Not Modified (0ms)


Started GET "/assets/application.js?body=1" for 192.168.10.4 at 2012-08-10 06:11:30 -0700
Served asset /application.js - 304 Not Modified (0ms)


Started GET "/assets/application.css?body=1" for 192.168.10.4 at 2012-08-10 06:11:30 -0700
Served asset /application.css - 304 Not Modified (0ms)


Started GET "/assets/jquery_ujs.js?body=1" for 192.168.10.4 at 2012-08-10 06:11:30 -0700
Served asset /jquery_ujs.js - 304 Not Modified (0ms)


Started GET "/movies" for 192.168.10.4 at 2012-08-10 06:11:32 -0700
  Processing by MoviesController#index as HTML
  [1m[36mMovie Load (0.2ms)[0m  [1mSELECT "movies".* FROM "movies" WHERE "movies"."rating" IN (NULL)[0m
Rendered movies/index.html.haml within layouts/application (5.2ms)
Completed 200 OK in 22ms (Views: 16.9ms | ActiveRecord: 0.5ms)


Started GET "/assets/jquery.js?body=1" for 192.168.10.4 at 2012-08-10 06:11:33 -0700
Served asset /jquery.js - 304 Not Modified (0ms)


Started GET "/assets/application.css?body=1" for 192.168.10.4 at 2012-08-10 06:11:33 -0700
Served asset /application.css - 304 Not Modified (0ms)


Started GET "/assets/jquery_ujs.js?body=1" for 192.168.10.4 at 2012-08-10 06:11:33 -0700
Served asset /jquery_ujs.js - 304 Not Modified (0ms)


Started GET "/assets/application.js?body=1" for 192.168.10.4 at 2012-08-10 06:11:33 -0700
Served asset /application.js - 304 Not Modified (0ms)


Started GET "/movies" for 192.168.10.4 at 2012-08-10 06:17:48 -0700
  Processing by MoviesController#index as HTML
  [1m[36mMovie Load (0.7ms)[0m  [1mSELECT "movies".* FROM "movies" WHERE "movies"."rating" IN (NULL)[0m
Rendered movies/index.html.haml within layouts/application (12.7ms)
Completed 200 OK in 234ms (Views: 213.8ms | ActiveRecord: 0.7ms)


Started GET "/assets/application.css?body=1" for 192.168.10.4 at 2012-08-10 06:17:51 -0700
Served asset /application.css - 304 Not Modified (0ms)


Started GET "/assets/application.js?body=1" for 192.168.10.4 at 2012-08-10 06:17:51 -0700
Served asset /application.js - 304 Not Modified (0ms)


Started GET "/assets/jquery.js?body=1" for 192.168.10.4 at 2012-08-10 06:17:51 -0700
Served asset /jquery.js - 304 Not Modified (4ms)


Started GET "/assets/jquery_ujs.js?body=1" for 192.168.10.4 at 2012-08-10 06:17:51 -0700
Served asset /jquery_ujs.js - 304 Not Modified (2ms)
  [1m[36m (0.2ms)[0m  [1mSELECT "schema_migrations"."version" FROM "schema_migrations" [0m
  [1m[35m (0.1ms)[0m  SELECT "schema_migrations"."version" FROM "schema_migrations" 
  [1m[36m (0.2ms)[0m  [1mSELECT "schema_migrations"."version" FROM "schema_migrations" [0m
Migrating to CreateMovies (20111119180638)
Migrating to AddMoreMovies (20120130161449)
  [1m[35m (0.4ms)[0m  select sqlite_version(*)
  [1m[36m (0.2ms)[0m  [1mSELECT "schema_migrations"."version" FROM "schema_migrations" [0m
  [1m[35m (0.0ms)[0m  PRAGMA index_list("movies")


Started GET "/movies" for 192.168.10.4 at 2012-08-10 06:19:34 -0700
  Processing by MoviesController#index as HTML
  [1m[35mMovie Load (0.3ms)[0m  SELECT "movies".* FROM "movies" WHERE "movies"."rating" IN (NULL)
Rendered movies/index.html.haml within layouts/application (5.2ms)
Completed 200 OK in 16ms (Views: 14.0ms | ActiveRecord: 0.5ms)


Started GET "/assets/application.css?body=1" for 192.168.10.4 at 2012-08-10 06:19:34 -0700
Served asset /application.css - 304 Not Modified (0ms)


Started GET "/assets/jquery.js?body=1" for 192.168.10.4 at 2012-08-10 06:19:34 -0700
Served asset /jquery.js - 304 Not Modified (0ms)


Started GET "/assets/jquery_ujs.js?body=1" for 192.168.10.4 at 2012-08-10 06:19:34 -0700
Served asset /jquery_ujs.js - 304 Not Modified (0ms)


Started GET "/assets/application.js?body=1" for 192.168.10.4 at 2012-08-10 06:19:34 -0700
Served asset /application.js - 304 Not Modified (0ms)


Started GET "/movies" for 192.168.10.4 at 2012-08-10 06:19:37 -0700
  Processing by MoviesController#index as HTML
  [1m[36mMovie Load (0.2ms)[0m  [1mSELECT "movies".* FROM "movies" WHERE "movies"."rating" IN (NULL)[0m
Rendered movies/index.html.haml within layouts/application (4.8ms)
Completed 200 OK in 25ms (Views: 20.5ms | ActiveRecord: 0.5ms)


Started GET "/assets/jquery.js?body=1" for 192.168.10.4 at 2012-08-10 06:19:37 -0700
Served asset /jquery.js - 304 Not Modified (0ms)


Started GET "/assets/jquery_ujs.js?body=1" for 192.168.10.4 at 2012-08-10 06:19:37 -0700
Served asset /jquery_ujs.js - 304 Not Modified (0ms)


Started GET "/assets/application.js?body=1" for 192.168.10.4 at 2012-08-10 06:19:37 -0700
Served asset /application.js - 304 Not Modified (0ms)


Started GET "/assets/application.css?body=1" for 192.168.10.4 at 2012-08-10 06:19:37 -0700
Served asset /application.css - 304 Not Modified (0ms)


Started GET "/movies" for 192.168.10.4 at 2012-08-10 06:19:51 -0700
  Processing by MoviesController#index as HTML
  [1m[35mMovie Load (0.3ms)[0m  SELECT "movies".* FROM "movies" WHERE "movies"."rating" IN (NULL)
Rendered movies/index.html.haml within layouts/application (5.1ms)
Completed 200 OK in 16ms (Views: 14.1ms | ActiveRecord: 0.6ms)


Started GET "/assets/application.css?body=1" for 192.168.10.4 at 2012-08-10 06:19:51 -0700
Served asset /application.css - 200 OK (5ms)


Started GET "/assets/jquery.js?body=1" for 192.168.10.4 at 2012-08-10 06:19:51 -0700
Served asset /jquery.js - 200 OK (4ms)


Started GET "/assets/jquery_ujs.js?body=1" for 192.168.10.4 at 2012-08-10 06:19:51 -0700
Served asset /jquery_ujs.js - 200 OK (0ms)


Started GET "/assets/application.js?body=1" for 192.168.10.4 at 2012-08-10 06:19:51 -0700
Served asset /application.js - 200 OK (3ms)


Started GET "/movies" for 192.168.10.4 at 2012-08-10 06:19:55 -0700
  Processing by MoviesController#index as HTML
  [1m[36mMovie Load (0.3ms)[0m  [1mSELECT "movies".* FROM "movies" WHERE "movies"."rating" IN (NULL)[0m
Rendered movies/index.html.haml within layouts/application (5.1ms)
Completed 200 OK in 17ms (Views: 14.2ms | ActiveRecord: 0.6ms)


Started GET "/assets/jquery.js?body=1" for 192.168.10.4 at 2012-08-10 06:19:55 -0700
Served asset /jquery.js - 304 Not Modified (0ms)


Started GET "/assets/jquery_ujs.js?body=1" for 192.168.10.4 at 2012-08-10 06:19:55 -0700
Served asset /jquery_ujs.js - 304 Not Modified (0ms)


Started GET "/assets/application.js?body=1" for 192.168.10.4 at 2012-08-10 06:19:55 -0700
Served asset /application.js - 304 Not Modified (0ms)


Started GET "/assets/application.css?body=1" for 192.168.10.4 at 2012-08-10 06:19:55 -0700
Served asset /application.css - 304 Not Modified (0ms)
